Using pre-set license
Built from '2020.3/staging' branch; Version is '2020.3.6f1 (338bb68529b2) revision 3378102'; Using compiler version '192528614'; Build Type 'Release'
OS: 'Windows 10 Home Single Language; OS build 18363.1556; Version 1909; 64bit' Language: 'en' Physical Memory: 8046 MB
BatchMode: 1, IsHumanControllingUs: 0, StartBugReporterOnCrash: 0, Is64bit: 1, IsPro: 0

 COMMAND LINE ARGUMENTS:
D:\unity\install\2020.3.6fi\Unity\Editor\Unity.exe
-adb2
-batchMode
-noUpm
-name
AssetImportWorker0
-projectPath
D:/unity/install/Modul2 P4
-logFile
Logs/AssetImportWorker0.log
-srvPort
65134
Successfully changed project path to: D:/unity/install/Modul2 P4
D:/unity/install/Modul2 P4
Using Asset Import Pipeline V2.
Refreshing native plugins compatible for Editor in 57.20 ms, found 0 plugins.
Preloading 0 native plugins for Editor in 0.00 ms.
Initialize engine version: 2020.3.6f1 (338bb68529b2)
[Subsystems] Discovering subsystems at path D:/unity/install/2020.3.6fi/Unity/Editor/Data/Resources/UnitySubsystems
[Subsystems] Discovering subsystems at path D:/unity/install/Modul2 P4/Assets
GfxDevice: creating device client; threaded=0
Direct3D:
    Version:  Direct3D 11.0 [level 11.1]
    Renderer: NVIDIA GeForce GTX 1050 Ti (ID=0x1c8c)
    Vendor:   
    VRAM:     4021 MB
    Driver:   25.21.14.2546
Initialize mono
Mono path[0] = 'D:/unity/install/2020.3.6fi/Unity/Editor/Data/Managed'
Mono path[1] = 'D:/unity/install/2020.3.6fi/Unity/Editor/Data/MonoBleedingEdge/lib/mono/unityjit'
Mono config path = 'D:/unity/install/2020.3.6fi/Unity/Editor/Data/MonoBleedingEdge/etc'
Using monoOptions --debugger-agent=transport=dt_socket,embedding=1,server=y,suspend=n,address=127.0.0.1:56288
Begin MonoManager ReloadAssembly
Registering precompiled unity dll's ...
Register platform support module: D:/unity/install/2020.3.6fi/Unity/Editor/Data/PlaybackEngines/WindowsStandaloneSupport/UnityEditor.WindowsStandalone.Extensions.dll
Registered in 0.005320 seconds.
Native extension for WindowsStandalone target not found
Refreshing native plugins compatible for Editor in 199.47 ms, found 0 plugins.
Preloading 0 native plugins for Editor in 0.00 ms.
Mono: successfully reloaded assembly
- Completed reload, in  2.384 seconds
Platform modules already initialized, skipping
Registering precompiled user dll's ...
Registered in 0.005154 seconds.
Begin MonoManager ReloadAssembly
Native extension for WindowsStandalone target not found
Refreshing native plugins compatible for Editor in 0.28 ms, found 0 plugins.
Preloading 0 native plugins for Editor in 0.00 ms.
Mono: successfully reloaded assembly
- Completed reload, in  0.937 seconds
Platform modules already initialized, skipping
========================================================================
Worker process is ready to serve import requests
Launched and connected shader compiler UnityShaderCompiler.exe after 0.10 seconds
Refreshing native plugins compatible for Editor in 0.25 ms, found 0 plugins.
Preloading 0 native plugins for Editor in 0.00 ms.
Unloading 1115 Unused Serialized files (Serialized files now loaded: 0)
System memory in use before: 69.0 MB.
System memory in use after: 69.0 MB.

Unloading 10 unused Assets to reduce memory usage. Loaded Objects now: 1571.
Total: 3.402700 ms (FindLiveObjects: 0.192600 ms CreateObjectMapping: 0.054100 ms MarkObjects: 3.061400 ms  DeleteObjects: 0.093400 ms)

========================================================================
Received Import Request.
  path: Assets/New Terrain.asset
  artifactKey: Guid(035ca121a3a873f44913db7c6997eced) Importer(815301076,1909f56bfc062723c751e8b465ee728b)
Start importing Assets/New Terrain.asset using Guid(035ca121a3a873f44913db7c6997eced) Importer(815301076,1909f56bfc062723c751e8b465ee728b)  -> (artifact id: '5659db8449ace37b33bd933a2d2fb928') in 0.051508 seconds
  Import took 0.056815 seconds .

========================================================================
Received Import Request.
  Time since last request: 66.553579 seconds.
  path: ProjectSettings/TagManager.asset
  artifactKey: Guid(00000000000000003000000000000000) Importer(815301076,1909f56bfc062723c751e8b465ee728b)
Start importing ProjectSettings/TagManager.asset using Guid(00000000000000003000000000000000) Importer(815301076,1909f56bfc062723c751e8b465ee728b)  -> (artifact id: '7960a73919d8baa12bca0e2fc225c862') in 0.005773 seconds
  Import took 0.009407 seconds .

========================================================================
Received Import Request.
  Time since last request: 0.006477 seconds.
  path: ProjectSettings/TagManager.asset
  artifactKey: Guid(00000000000000003000000000000000) Importer(815301076,1909f56bfc062723c751e8b465ee728b)
Start importing ProjectSettings/TagManager.asset using Guid(00000000000000003000000000000000) Importer(815301076,1909f56bfc062723c751e8b465ee728b)  -> (artifact id: '7960a73919d8baa12bca0e2fc225c862') in 0.001285 seconds
  Import took 0.005210 seconds .

========================================================================
Received Import Request.
  Time since last request: 53.566081 seconds.
  path: Assets
  artifactKey: Guid(00000000000000001000000000000000) Importer(815301076,1909f56bfc062723c751e8b465ee728b)
Start importing Assets using Guid(00000000000000001000000000000000) Importer(815301076,1909f56bfc062723c751e8b465ee728b)  -> (artifact id: '2c602d4445bd9e0e517b9a7c882a2249') in 0.024606 seconds
  Import took 0.030154 seconds .

========================================================================
Received Prepare
Registering precompiled user dll's ...
Registered in 0.001200 seconds.
Begin MonoManager ReloadAssembly
Native extension for WindowsStandalone target not found
Refreshing native plugins compatible for Editor in 1.20 ms, found 0 plugins.
Preloading 0 native plugins for Editor in 0.00 ms.
Mono: successfully reloaded assembly
- Completed reload, in  4.163 seconds
Platform modules already initialized, skipping
Refreshing native plugins compatible for Editor in 0.97 ms, found 0 plugins.
Preloading 0 native plugins for Editor in 0.00 ms.
Unloading 1111 Unused Serialized files (Serialized files now loaded: 0)
System memory in use before: 69.0 MB.
System memory in use after: 69.1 MB.

Unloading 7 unused Assets to reduce memory usage. Loaded Objects now: 1575.
Total: 10.468200 ms (FindLiveObjects: 0.523400 ms CreateObjectMapping: 0.211600 ms MarkObjects: 9.492700 ms  DeleteObjects: 0.235800 ms)

========================================================================
Received Import Request.
  Time since last request: 26.380347 seconds.
  path: Assets/NewBehaviourScript.cs
  artifactKey: Guid(fb8037ed324d4d142b99b172cf67ea38) Importer(815301076,1909f56bfc062723c751e8b465ee728b)
Start importing Assets/NewBehaviourScript.cs using Guid(fb8037ed324d4d142b99b172cf67ea38) Importer(815301076,1909f56bfc062723c751e8b465ee728b)  -> (artifact id: '416624f2844bc668b69faaa2a6802127') in 0.021976 seconds
  Import took 0.079352 seconds .

========================================================================
Received Import Request.
  Time since last request: 17.735083 seconds.
  path: Assets/pergerakan.cs
  artifactKey: Guid(fb8037ed324d4d142b99b172cf67ea38) Importer(815301076,1909f56bfc062723c751e8b465ee728b)
Start importing Assets/pergerakan.cs using Guid(fb8037ed324d4d142b99b172cf67ea38) Importer(815301076,1909f56bfc062723c751e8b465ee728b)  -> (artifact id: '4d98004a8957b74c4d47f5a81831ea81') in 0.015090 seconds
  Import took 0.029519 seconds .

========================================================================
Received Prepare
Registering precompiled user dll's ...
Registered in 0.001418 seconds.
Begin MonoManager ReloadAssembly
Native extension for WindowsStandalone target not found
Refreshing native plugins compatible for Editor in 0.87 ms, found 0 plugins.
Preloading 0 native plugins for Editor in 0.00 ms.
Mono: successfully reloaded assembly
- Completed reload, in  1.813 seconds
Platform modules already initialized, skipping
Refreshing native plugins compatible for Editor in 0.46 ms, found 0 plugins.
Preloading 0 native plugins for Editor in 0.00 ms.
Unloading 1111 Unused Serialized files (Serialized files now loaded: 0)
System memory in use before: 69.0 MB.
System memory in use after: 69.1 MB.

Unloading 5 unused Assets to reduce memory usage. Loaded Objects now: 1578.
Total: 2.332900 ms (FindLiveObjects: 0.184500 ms CreateObjectMapping: 0.045200 ms MarkObjects: 2.034500 ms  DeleteObjects: 0.067500 ms)

========================================================================
Received Prepare
Registering precompiled user dll's ...
Registered in 0.001001 seconds.
Begin MonoManager ReloadAssembly
Native extension for WindowsStandalone target not found
Refreshing native plugins compatible for Editor in 0.54 ms, found 0 plugins.
Preloading 0 native plugins for Editor in 0.00 ms.
Mono: successfully reloaded assembly
- Completed reload, in  0.960 seconds
Platform modules already initialized, skipping
Refreshing native plugins compatible for Editor in 0.29 ms, found 0 plugins.
Preloading 0 native plugins for Editor in 0.00 ms.
Unloading 1111 Unused Serialized files (Serialized files now loaded: 0)
System memory in use before: 69.0 MB.
System memory in use after: 69.1 MB.

Unloading 5 unused Assets to reduce memory usage. Loaded Objects now: 1581.
Total: 3.709700 ms (FindLiveObjects: 0.403700 ms CreateObjectMapping: 0.060200 ms MarkObjects: 3.136200 ms  DeleteObjects: 0.107800 ms)

========================================================================
Received Import Request.
  Time since last request: 42.878187 seconds.
  path: Assets/pergerakan.cs
  artifactKey: Guid(fb8037ed324d4d142b99b172cf67ea38) Importer(815301076,1909f56bfc062723c751e8b465ee728b)
Start importing Assets/pergerakan.cs using Guid(fb8037ed324d4d142b99b172cf67ea38) Importer(815301076,1909f56bfc062723c751e8b465ee728b)  -> (artifact id: 'ee0228a150bd1efd02ac62b0f6487a4e') in 0.004006 seconds
  Import took 0.007428 seconds .

========================================================================
Received Prepare
Registering precompiled user dll's ...
Registered in 0.000696 seconds.
Begin MonoManager ReloadAssembly
Native extension for WindowsStandalone target not found
Refreshing native plugins compatible for Editor in 0.27 ms, found 0 plugins.
Preloading 0 native plugins for Editor in 0.00 ms.
Mono: successfully reloaded assembly
- Completed reload, in  0.852 seconds
Platform modules already initialized, skipping
Refreshing native plugins compatible for Editor in 0.26 ms, found 0 plugins.
Preloading 0 native plugins for Editor in 0.00 ms.
Unloading 1111 Unused Serialized files (Serialized files now loaded: 0)
System memory in use before: 69.0 MB.
System memory in use after: 69.1 MB.

Unloading 5 unused Assets to reduce memory usage. Loaded Objects now: 1584.
Total: 2.179400 ms (FindLiveObjects: 0.177100 ms CreateObjectMapping: 0.044400 ms MarkObjects: 1.892400 ms  DeleteObjects: 0.063900 ms)

========================================================================
Received Import Request.
  Time since last request: 61.129220 seconds.
  path: Assets/gerak_Player.cs
  artifactKey: Guid(fb8037ed324d4d142b99b172cf67ea38) Importer(815301076,1909f56bfc062723c751e8b465ee728b)
Start importing Assets/gerak_Player.cs using Guid(fb8037ed324d4d142b99b172cf67ea38) Importer(815301076,1909f56bfc062723c751e8b465ee728b)  -> (artifact id: '4e7aa9ae40f85b1611cd0ab5a525004d') in 0.003839 seconds
  Import took 0.015914 seconds .

========================================================================
Received Prepare
Registering precompiled user dll's ...
Registered in 0.000447 seconds.
Begin MonoManager ReloadAssembly
Native extension for WindowsStandalone target not found
Refreshing native plugins compatible for Editor in 0.27 ms, found 0 plugins.
Preloading 0 native plugins for Editor in 0.00 ms.
Mono: successfully reloaded assembly
- Completed reload, in  0.946 seconds
Platform modules already initialized, skipping
Refreshing native plugins compatible for Editor in 0.27 ms, found 0 plugins.
Preloading 0 native plugins for Editor in 0.00 ms.
Unloading 1111 Unused Serialized files (Serialized files now loaded: 0)
System memory in use before: 69.0 MB.
System memory in use after: 69.1 MB.

Unloading 5 unused Assets to reduce memory usage. Loaded Objects now: 1587.
Total: 2.250500 ms (FindLiveObjects: 0.201400 ms CreateObjectMapping: 0.050700 ms MarkObjects: 1.933700 ms  DeleteObjects: 0.063000 ms)

========================================================================
Received Prepare
Registering precompiled user dll's ...
Registered in 0.000518 seconds.
Begin MonoManager ReloadAssembly
Native extension for WindowsStandalone target not found
Refreshing native plugins compatible for Editor in 0.48 ms, found 0 plugins.
Preloading 0 native plugins for Editor in 0.00 ms.
Mono: successfully reloaded assembly
- Completed reload, in  0.848 seconds
Platform modules already initialized, skipping
Refreshing native plugins compatible for Editor in 0.26 ms, found 0 plugins.
Preloading 0 native plugins for Editor in 0.00 ms.
Unloading 1111 Unused Serialized files (Serialized files now loaded: 0)
System memory in use before: 69.1 MB.
System memory in use after: 69.2 MB.

Unloading 5 unused Assets to reduce memory usage. Loaded Objects now: 1590.
Total: 2.250600 ms (FindLiveObjects: 0.193500 ms CreateObjectMapping: 0.037800 ms MarkObjects: 1.947300 ms  DeleteObjects: 0.070500 ms)

========================================================================
Received Prepare
Registering precompiled user dll's ...
Registered in 0.002431 seconds.
Begin MonoManager ReloadAssembly
Native extension for WindowsStandalone target not found
Refreshing native plugins compatible for Editor in 0.25 ms, found 0 plugins.
Preloading 0 native plugins for Editor in 0.00 ms.
Mono: successfully reloaded assembly
- Completed reload, in  0.870 seconds
Platform modules already initialized, skipping
Refreshing native plugins compatible for Editor in 0.28 ms, found 0 plugins.
Preloading 0 native plugins for Editor in 0.00 ms.
Unloading 1111 Unused Serialized files (Serialized files now loaded: 0)
System memory in use before: 69.1 MB.
System memory in use after: 69.2 MB.

Unloading 5 unused Assets to reduce memory usage. Loaded Objects now: 1593.
Total: 2.094500 ms (FindLiveObjects: 0.180000 ms CreateObjectMapping: 0.043100 ms MarkObjects: 1.810700 ms  DeleteObjects: 0.060000 ms)

AssetImportWorkerClient::OnTransportError - code=2 error=End of file
